<?xml version="1.0" encoding="UTF-8"?>
<testng-results skipped="1" failed="0" ignored="2" total="3" passed="0">
  <reporter-output>
  </reporter-output>
  <suite name="Default suite" duration-ms="37" started-at="2019-11-19T10:23:38Z" finished-at="2019-11-19T10:23:38Z">
    <groups>
    </groups>
    <test name="Default test" duration-ms="37" started-at="2019-11-19T10:23:38Z" finished-at="2019-11-19T10:23:38Z">
      <class name="com.testscripts.YatraTestScript">
        <test-method status="FAIL" signature="open()[pri:0, instance:com.testscripts.YatraTestScript@5f282abb]" name="open" is-config="true" duration-ms="5932" started-at="2019-11-19T15:53:32Z" finished-at="2019-11-19T15:53:38Z">
          <exception class="org.openqa.selenium.SessionNotCreatedException">
            <message>
              <![CDATA[session not created: This version of ChromeDriver only supports Chrome version 79
Build info: version: '3.13.0', revision: '2f0d292', time: '2018-06-25T15:24:21.231Z'
System info: host: 'DR-INDHYD-101', ip: '192.168.5.101', os.name: 'Windows 10', os.arch: 'amd64', os.version: '10.0', java.version: '1.8.0_151'
Driver info: driver.version: ChromeDriver
remote stacktrace: Backtrace:
	Ordinal0 [0x0018A113+1548563]
	Ordinal0 [0x0010DDA1+1039777]
	Ordinal0 [0x0008E485+517253]
	Ordinal0 [0x0001FD34+64820]
	Ordinal0 [0x0001C61E+50718]
	Ordinal0 [0x0003B797+178071]
	Ordinal0 [0x0003B59D+177565]
	Ordinal0 [0x000395FB+169467]
	Ordinal0 [0x0002160A+71178]
	Ordinal0 [0x00022690+75408]
	Ordinal0 [0x00022629+75305]
	Ordinal0 [0x001271B7+1143223]
	GetHandleVerifier [0x00222B46+507814]
	GetHandleVerifier [0x00222864+507076]
	GetHandleVerifier [0x00229F47+537511]
	GetHandleVerifier [0x00223402+510050]
	Ordinal0 [0x0011F29C+1110684]
	Ordinal0 [0x0012938B+1151883]
	Ordinal0 [0x001294F3+1152243]
	Ordinal0 [0x001283F5+1147893]
	BaseThreadInitThunk [0x76326359+25]
	RtlGetAppContainerNamedObjectPath [0x778A7B74+228]
	RtlGetAppContainerNamedObjectPath [0x778A7B44+180]
	(No symbol) [0x00000000]
]]>
            </message>
            <full-stacktrace>
              <![CDATA[org.openqa.selenium.SessionNotCreatedException: session not created: This version of ChromeDriver only supports Chrome version 79
Build info: version: '3.13.0', revision: '2f0d292', time: '2018-06-25T15:24:21.231Z'
System info: host: 'DR-INDHYD-101', ip: '192.168.5.101', os.name: 'Windows 10', os.arch: 'amd64', os.version: '10.0', java.version: '1.8.0_151'
Driver info: driver.version: ChromeDriver
remote stacktrace: Backtrace:
	Ordinal0 [0x0018A113+1548563]
	Ordinal0 [0x0010DDA1+1039777]
	Ordinal0 [0x0008E485+517253]
	Ordinal0 [0x0001FD34+64820]
	Ordinal0 [0x0001C61E+50718]
	Ordinal0 [0x0003B797+178071]
	Ordinal0 [0x0003B59D+177565]
	Ordinal0 [0x000395FB+169467]
	Ordinal0 [0x0002160A+71178]
	Ordinal0 [0x00022690+75408]
	Ordinal0 [0x00022629+75305]
	Ordinal0 [0x001271B7+1143223]
	GetHandleVerifier [0x00222B46+507814]
	GetHandleVerifier [0x00222864+507076]
	GetHandleVerifier [0x00229F47+537511]
	GetHandleVerifier [0x00223402+510050]
	Ordinal0 [0x0011F29C+1110684]
	Ordinal0 [0x0012938B+1151883]
	Ordinal0 [0x001294F3+1152243]
	Ordinal0 [0x001283F5+1147893]
	BaseThreadInitThunk [0x76326359+25]
	RtlGetAppContainerNamedObjectPath [0x778A7B74+228]
	RtlGetAppContainerNamedObjectPath [0x778A7B44+180]
	(No symbol) [0x00000000]

	at sun.reflect.NativeConstructorAccessorImpl.newInstance0(Native Method)
	at sun.reflect.NativeConstructorAccessorImpl.newInstance(NativeConstructorAccessorImpl.java:62)
	at sun.reflect.DelegatingConstructorAccessorImpl.newInstance(DelegatingConstructorAccessorImpl.java:45)
	at java.lang.reflect.Constructor.newInstance(Constructor.java:423)
	at org.openqa.selenium.remote.W3CHandshakeResponse.lambda$new$0(W3CHandshakeResponse.java:57)
	at org.openqa.selenium.remote.W3CHandshakeResponse.lambda$getResponseFunction$2(W3CHandshakeResponse.java:104)
	at org.openqa.selenium.remote.ProtocolHandshake.lambda$createSession$0(ProtocolHandshake.java:123)
	at java.util.stream.ReferencePipeline$3$1.accept(ReferencePipeline.java:193)
	at java.util.Spliterators$ArraySpliterator.tryAdvance(Spliterators.java:958)
	at java.util.stream.ReferencePipeline.forEachWithCancel(ReferencePipeline.java:126)
	at java.util.stream.AbstractPipeline.copyIntoWithCancel(AbstractPipeline.java:498)
	at java.util.stream.AbstractPipeline.copyInto(AbstractPipeline.java:485)
	at java.util.stream.AbstractPipeline.wrapAndCopyInto(AbstractPipeline.java:471)
	at java.util.stream.FindOps$FindOp.evaluateSequential(FindOps.java:152)
	at java.util.stream.AbstractPipeline.evaluate(AbstractPipeline.java:234)
	at java.util.stream.ReferencePipeline.findFirst(ReferencePipeline.java:464)
	at org.openqa.selenium.remote.ProtocolHandshake.createSession(ProtocolHandshake.java:126)
	at org.openqa.selenium.remote.ProtocolHandshake.createSession(ProtocolHandshake.java:73)
	at org.openqa.selenium.remote.HttpCommandExecutor.execute(HttpCommandExecutor.java:136)
	at org.openqa.selenium.remote.service.DriverCommandExecutor.execute(DriverCommandExecutor.java:83)
	at org.openqa.selenium.remote.RemoteWebDriver.execute(RemoteWebDriver.java:548)
	at org.openqa.selenium.remote.RemoteWebDriver.startSession(RemoteWebDriver.java:212)
	at org.openqa.selenium.remote.RemoteWebDriver.<init>(RemoteWebDriver.java:130)
	at org.openqa.selenium.chrome.ChromeDriver.<init>(ChromeDriver.java:181)
	at org.openqa.selenium.chrome.ChromeDriver.<init>(ChromeDriver.java:168)
	at org.openqa.selenium.chrome.ChromeDriver.<init>(ChromeDriver.java:123)
	at com.utilities.BaseClass.launchBrowser(BaseClass.java:29)
	at com.testscripts.YatraTestScript.open(YatraTestScript.java:62)
	at sun.reflect.NativeMethodAccessorImpl.invoke0(Native Method)
	at sun.reflect.NativeMethodAccessorImpl.invoke(NativeMethodAccessorImpl.java:62)
	at sun.reflect.DelegatingMethodAccessorImpl.invoke(DelegatingMethodAccessorImpl.java:43)
	at java.lang.reflect.Method.invoke(Method.java:498)
	at org.testng.internal.MethodInvocationHelper.invokeMethod(MethodInvocationHelper.java:108)
	at org.testng.internal.Invoker.invokeConfigurationMethod(Invoker.java:523)
	at org.testng.internal.Invoker.invokeConfigurations(Invoker.java:224)
	at org.testng.internal.Invoker.invokeConfigurations(Invoker.java:146)
	at org.testng.SuiteRunner.privateRun(SuiteRunner.java:326)
	at org.testng.SuiteRunner.run(SuiteRunner.java:289)
	at org.testng.SuiteRunnerWorker.runSuite(SuiteRunnerWorker.java:52)
	at org.testng.SuiteRunnerWorker.run(SuiteRunnerWorker.java:86)
	at org.testng.TestNG.runSuitesSequentially(TestNG.java:1301)
	at org.testng.TestNG.runSuitesLocally(TestNG.java:1226)
	at org.testng.TestNG.runSuites(TestNG.java:1144)
	at org.testng.TestNG.run(TestNG.java:1115)
	at org.testng.remote.AbstractRemoteTestNG.run(AbstractRemoteTestNG.java:114)
	at org.testng.remote.RemoteTestNG.initAndRun(RemoteTestNG.java:251)
	at org.testng.remote.RemoteTestNG.main(RemoteTestNG.java:77)
]]>
            </full-stacktrace>
          </exception> <!-- org.openqa.selenium.SessionNotCreatedException -->
          <reporter-output>
          </reporter-output>
        </test-method> <!-- open -->
        <test-method status="SKIP" signature="flightJourneyDate(java.lang.String, java.lang.String)[pri:1, instance:com.testscripts.YatraTestScript@5f282abb]" name="flightJourneyDate" duration-ms="0" started-at="2019-11-19T15:53:38Z" data-provider="addMethodDataProvider" finished-at="2019-11-19T15:53:38Z">
          <exception class="org.openqa.selenium.SessionNotCreatedException">
            <message>
              <![CDATA[session not created: This version of ChromeDriver only supports Chrome version 79
Build info: version: '3.13.0', revision: '2f0d292', time: '2018-06-25T15:24:21.231Z'
System info: host: 'DR-INDHYD-101', ip: '192.168.5.101', os.name: 'Windows 10', os.arch: 'amd64', os.version: '10.0', java.version: '1.8.0_151'
Driver info: driver.version: ChromeDriver
remote stacktrace: Backtrace:
	Ordinal0 [0x0018A113+1548563]
	Ordinal0 [0x0010DDA1+1039777]
	Ordinal0 [0x0008E485+517253]
	Ordinal0 [0x0001FD34+64820]
	Ordinal0 [0x0001C61E+50718]
	Ordinal0 [0x0003B797+178071]
	Ordinal0 [0x0003B59D+177565]
	Ordinal0 [0x000395FB+169467]
	Ordinal0 [0x0002160A+71178]
	Ordinal0 [0x00022690+75408]
	Ordinal0 [0x00022629+75305]
	Ordinal0 [0x001271B7+1143223]
	GetHandleVerifier [0x00222B46+507814]
	GetHandleVerifier [0x00222864+507076]
	GetHandleVerifier [0x00229F47+537511]
	GetHandleVerifier [0x00223402+510050]
	Ordinal0 [0x0011F29C+1110684]
	Ordinal0 [0x0012938B+1151883]
	Ordinal0 [0x001294F3+1152243]
	Ordinal0 [0x001283F5+1147893]
	BaseThreadInitThunk [0x76326359+25]
	RtlGetAppContainerNamedObjectPath [0x778A7B74+228]
	RtlGetAppContainerNamedObjectPath [0x778A7B44+180]
	(No symbol) [0x00000000]
]]>
            </message>
            <full-stacktrace>
              <![CDATA[org.openqa.selenium.SessionNotCreatedException: session not created: This version of ChromeDriver only supports Chrome version 79
Build info: version: '3.13.0', revision: '2f0d292', time: '2018-06-25T15:24:21.231Z'
System info: host: 'DR-INDHYD-101', ip: '192.168.5.101', os.name: 'Windows 10', os.arch: 'amd64', os.version: '10.0', java.version: '1.8.0_151'
Driver info: driver.version: ChromeDriver
remote stacktrace: Backtrace:
	Ordinal0 [0x0018A113+1548563]
	Ordinal0 [0x0010DDA1+1039777]
	Ordinal0 [0x0008E485+517253]
	Ordinal0 [0x0001FD34+64820]
	Ordinal0 [0x0001C61E+50718]
	Ordinal0 [0x0003B797+178071]
	Ordinal0 [0x0003B59D+177565]
	Ordinal0 [0x000395FB+169467]
	Ordinal0 [0x0002160A+71178]
	Ordinal0 [0x00022690+75408]
	Ordinal0 [0x00022629+75305]
	Ordinal0 [0x001271B7+1143223]
	GetHandleVerifier [0x00222B46+507814]
	GetHandleVerifier [0x00222864+507076]
	GetHandleVerifier [0x00229F47+537511]
	GetHandleVerifier [0x00223402+510050]
	Ordinal0 [0x0011F29C+1110684]
	Ordinal0 [0x0012938B+1151883]
	Ordinal0 [0x001294F3+1152243]
	Ordinal0 [0x001283F5+1147893]
	BaseThreadInitThunk [0x76326359+25]
	RtlGetAppContainerNamedObjectPath [0x778A7B74+228]
	RtlGetAppContainerNamedObjectPath [0x778A7B44+180]
	(No symbol) [0x00000000]

	at sun.reflect.NativeConstructorAccessorImpl.newInstance0(Native Method)
	at sun.reflect.NativeConstructorAccessorImpl.newInstance(NativeConstructorAccessorImpl.java:62)
	at sun.reflect.DelegatingConstructorAccessorImpl.newInstance(DelegatingConstructorAccessorImpl.java:45)
	at java.lang.reflect.Constructor.newInstance(Constructor.java:423)
	at org.openqa.selenium.remote.W3CHandshakeResponse.lambda$new$0(W3CHandshakeResponse.java:57)
	at org.openqa.selenium.remote.W3CHandshakeResponse.lambda$getResponseFunction$2(W3CHandshakeResponse.java:104)
	at org.openqa.selenium.remote.ProtocolHandshake.lambda$createSession$0(ProtocolHandshake.java:123)
	at java.util.stream.ReferencePipeline$3$1.accept(ReferencePipeline.java:193)
	at java.util.Spliterators$ArraySpliterator.tryAdvance(Spliterators.java:958)
	at java.util.stream.ReferencePipeline.forEachWithCancel(ReferencePipeline.java:126)
	at java.util.stream.AbstractPipeline.copyIntoWithCancel(AbstractPipeline.java:498)
	at java.util.stream.AbstractPipeline.copyInto(AbstractPipeline.java:485)
	at java.util.stream.AbstractPipeline.wrapAndCopyInto(AbstractPipeline.java:471)
	at java.util.stream.FindOps$FindOp.evaluateSequential(FindOps.java:152)
	at java.util.stream.AbstractPipeline.evaluate(AbstractPipeline.java:234)
	at java.util.stream.ReferencePipeline.findFirst(ReferencePipeline.java:464)
	at org.openqa.selenium.remote.ProtocolHandshake.createSession(ProtocolHandshake.java:126)
	at org.openqa.selenium.remote.ProtocolHandshake.createSession(ProtocolHandshake.java:73)
	at org.openqa.selenium.remote.HttpCommandExecutor.execute(HttpCommandExecutor.java:136)
	at org.openqa.selenium.remote.service.DriverCommandExecutor.execute(DriverCommandExecutor.java:83)
	at org.openqa.selenium.remote.RemoteWebDriver.execute(RemoteWebDriver.java:548)
	at org.openqa.selenium.remote.RemoteWebDriver.startSession(RemoteWebDriver.java:212)
	at org.openqa.selenium.remote.RemoteWebDriver.<init>(RemoteWebDriver.java:130)
	at org.openqa.selenium.chrome.ChromeDriver.<init>(ChromeDriver.java:181)
	at org.openqa.selenium.chrome.ChromeDriver.<init>(ChromeDriver.java:168)
	at org.openqa.selenium.chrome.ChromeDriver.<init>(ChromeDriver.java:123)
	at com.utilities.BaseClass.launchBrowser(BaseClass.java:29)
	at com.testscripts.YatraTestScript.open(YatraTestScript.java:62)
	at sun.reflect.NativeMethodAccessorImpl.invoke0(Native Method)
	at sun.reflect.NativeMethodAccessorImpl.invoke(NativeMethodAccessorImpl.java:62)
	at sun.reflect.DelegatingMethodAccessorImpl.invoke(DelegatingMethodAccessorImpl.java:43)
	at java.lang.reflect.Method.invoke(Method.java:498)
	at org.testng.internal.MethodInvocationHelper.invokeMethod(MethodInvocationHelper.java:108)
	at org.testng.internal.Invoker.invokeConfigurationMethod(Invoker.java:523)
	at org.testng.internal.Invoker.invokeConfigurations(Invoker.java:224)
	at org.testng.internal.Invoker.invokeConfigurations(Invoker.java:146)
	at org.testng.SuiteRunner.privateRun(SuiteRunner.java:326)
	at org.testng.SuiteRunner.run(SuiteRunner.java:289)
	at org.testng.SuiteRunnerWorker.runSuite(SuiteRunnerWorker.java:52)
	at org.testng.SuiteRunnerWorker.run(SuiteRunnerWorker.java:86)
	at org.testng.TestNG.runSuitesSequentially(TestNG.java:1301)
	at org.testng.TestNG.runSuitesLocally(TestNG.java:1226)
	at org.testng.TestNG.runSuites(TestNG.java:1144)
	at org.testng.TestNG.run(TestNG.java:1115)
	at org.testng.remote.AbstractRemoteTestNG.run(AbstractRemoteTestNG.java:114)
	at org.testng.remote.RemoteTestNG.initAndRun(RemoteTestNG.java:251)
	at org.testng.remote.RemoteTestNG.main(RemoteTestNG.java:77)
]]>
            </full-stacktrace>
          </exception> <!-- org.openqa.selenium.SessionNotCreatedException -->
          <reporter-output>
          </reporter-output>
        </test-method> <!-- flightJourneyDate -->
        <test-method status="SKIP" signature="close()[pri:0, instance:com.testscripts.YatraTestScript@5f282abb]" name="close" is-config="true" duration-ms="0" started-at="2019-11-19T15:53:38Z" finished-at="2019-11-19T15:53:38Z">
          <reporter-output>
          </reporter-output>
        </test-method> <!-- close -->
      </class> <!-- com.testscripts.YatraTestScript -->
    </test> <!-- Default test -->
  </suite> <!-- Default suite -->
</testng-results>
